2025-10-29T16:44:31 [debug] Argument OutputPath is set to .
2025-10-29T16:44:31 [debug] Argument OutputFileName is set to DESKTOP-DHPEKOI.zip
2025-10-29T16:44:31 [debug] Argument UserName is set to 
2025-10-29T16:44:31 [debug] Argument UserPassword is set to [omitted in log file]
2025-10-29T16:44:31 [debug] Argument SFTPServer is set to 
2025-10-29T16:44:31 [debug] Argument SFTPOutputPath is set to .
2025-10-29T16:44:31 [debug] Argument SFTPCleanUp is set to True
2025-10-29T16:44:31 [debug] Argument CollectionFilePath is set to .
2025-10-29T16:44:31 [debug] Argument CollectDefaults is set to False
2025-10-29T16:44:31 [debug] Argument ZipPassword is set to [omitted in log file]
2025-10-29T16:44:31 [debug] Argument ZipLevel is set to 
2025-10-29T16:44:31 [debug] Argument LogFilePath is set to CylR.log
2025-10-29T16:44:31 [debug] Argument DisableLogging is set to False
2025-10-29T16:44:31 [debug] Argument EnableVerboseConsole is set to False
2025-10-29T16:44:31 [debug] Argument Usnjrnl is set to False
2025-10-29T16:44:31 [debug] Argument ForceNative is set to False
2025-10-29T16:44:31 [debug] Argument DryRun is set to False
2025-10-29T16:44:31 [debug] Argument CollectionFiles is set to 
2025-10-29T16:44:31 [info] Gathering paths to collect
2025-10-29T16:44:31 [debug] Enumerating volumes on system
2025-10-29T16:44:31 [debug] Identified volumes: C:\
2025-10-29T16:44:31 [debug] Enumerating patterns for default artifact collection
2025-10-29T16:44:31 [info] Windows platform detected
2025-10-29T16:44:31 [debug] Enumerating file systems and matching patterns
2025-10-29T16:44:31 [debug] Enumerating volume: C:\
2025-10-29T16:44:32 [warn] Unable to enumerate all files and sub directories in C:\Windows\WUModels
2025-10-29T16:44:32 [warn] Access is denied to one or more files in C:\Windows\WUModels
2025-10-29T16:45:10 [warn] Unable to enumerate all files and sub directories in C:\Windows\Temp
2025-10-29T16:45:10 [warn] Access is denied to one or more files in C:\Windows\Temp
2025-10-29T16:45:10 [warn] Unable to enumerate all files and sub directories in C:\Windows\SysWOW64\Tasks
2025-10-29T16:45:10 [warn] Access is denied to one or more files in C:\Windows\SysWOW64\Tasks
2025-10-29T16:45:10 [warn] Unable to enumerate all files and sub directories in C:\Windows\SysWOW64\sru
2025-10-29T16:45:10 [warn] Access is denied to one or more files in C:\Windows\SysWOW64\sru
2025-10-29T16:45:10 [warn] Unable to enumerate all files and sub directories in C:\Windows\SysWOW64\NetworkList
2025-10-29T16:45:10 [warn] Access is denied to one or more files in C:\Windows\SysWOW64\NetworkList
2025-10-29T16:45:10 [warn] Unable to enumerate all files and sub directories in C:\Windows\SysWOW64\Msdtc
2025-10-29T16:45:10 [warn] Access is denied to one or more files in C:\Windows\SysWOW64\Msdtc
2025-10-29T16:45:10 [warn] Unable to enumerate all files and sub directories in C:\Windows\SysWOW64\Configuration
2025-10-29T16:45:10 [warn] Access is denied to one or more files in C:\Windows\SysWOW64\Configuration
2025-10-29T16:45:10 [warn] Unable to enumerate all files and sub directories in C:\Windows\SysWOW64\config
2025-10-29T16:45:10 [warn] Access is denied to one or more files in C:\Windows\SysWOW64\config
2025-10-29T16:45:10 [warn] Unable to enumerate all files and sub directories in C:\Windows\SysWOW64\Com\dmp
2025-10-29T16:45:10 [warn] Access is denied to one or more files in C:\Windows\SysWOW64\Com\dmp
2025-10-29T16:45:10 [warn] Unable to enumerate all files and sub directories in C:\Windows\SystemTemp
2025-10-29T16:45:10 [warn] Access is denied to one or more files in C:\Windows\SystemTemp
2025-10-29T16:45:11 [warn] Unable to enumerate all files and sub directories in C:\Windows\System32\WebThreatDefSvc
2025-10-29T16:45:11 [warn] Access is denied to one or more files in C:\Windows\System32\WebThreatDefSvc
2025-10-29T16:45:11 [warn] Unable to enumerate all files and sub directories in C:\Windows\System32\WDI
2025-10-29T16:45:11 [warn] Access is denied to one or more files in C:\Windows\System32\WDI
2025-10-29T16:45:11 [warn] Unable to enumerate all files and sub directories in C:\Windows\System32\wbem\MOF
2025-10-29T16:45:11 [warn] Access is denied to one or more files in C:\Windows\System32\wbem\MOF
2025-10-29T16:45:11 [warn] Unable to enumerate all files and sub directories in C:\Windows\System32\Tasks_Migrated
2025-10-29T16:45:11 [warn] Access is denied to one or more files in C:\Windows\System32\Tasks_Migrated
2025-10-29T16:45:11 [warn] Unable to enumerate all files and sub directories in C:\Windows\System32\Tasks
2025-10-29T16:45:11 [warn] Access is denied to one or more files in C:\Windows\System32\Tasks
2025-10-29T16:45:11 [warn] Unable to enumerate all files and sub directories in C:\Windows\System32\sru
2025-10-29T16:45:11 [warn] Access is denied to one or more files in C:\Windows\System32\sru
2025-10-29T16:45:11 [warn] Unable to enumerate all files and sub directories in C:\Windows\System32\spool\SERVERS
2025-10-29T16:45:11 [warn] Access is denied to one or more files in C:\Windows\System32\spool\SERVERS
2025-10-29T16:45:11 [warn] Unable to enumerate all files and sub directories in C:\Windows\System32\spool\PRINTERS
2025-10-29T16:45:11 [warn] Access is denied to one or more files in C:\Windows\System32\spool\PRINTERS
2025-10-29T16:45:11 [warn] Unable to enumerate all files and sub directories in C:\Windows\System32\SleepStudy
2025-10-29T16:45:11 [warn] Access is denied to one or more files in C:\Windows\System32\SleepStudy
2025-10-29T16:45:11 [warn] Unable to enumerate all files and sub directories in C:\Windows\System32\networklist
2025-10-29T16:45:11 [warn] Access is denied to one or more files in C:\Windows\System32\networklist
2025-10-29T16:45:11 [warn] Unable to enumerate all files and sub directories in C:\Windows\System32\MsDtc
2025-10-29T16:45:11 [warn] Access is denied to one or more files in C:\Windows\System32\MsDtc
2025-10-29T16:45:11 [warn] Unable to enumerate all files and sub directories in C:\Windows\System32\LogFiles\WMI\RtBackup
2025-10-29T16:45:11 [warn] Access is denied to one or more files in C:\Windows\System32\LogFiles\WMI\RtBackup
2025-10-29T16:45:11 [warn] Unable to enumerate all files and sub directories in C:\Windows\System32\ias
2025-10-29T16:45:11 [warn] Access is denied to one or more files in C:\Windows\System32\ias
2025-10-29T16:45:11 [warn] Unable to enumerate all files and sub directories in C:\Windows\System32\DriverState
2025-10-29T16:45:11 [warn] Access is denied to one or more files in C:\Windows\System32\DriverState
2025-10-29T16:45:11 [warn] Unable to enumerate all files and sub directories in C:\Windows\System32\drivers\DriverData
2025-10-29T16:45:11 [warn] Access is denied to one or more files in C:\Windows\System32\drivers\DriverData
2025-10-29T16:45:11 [warn] Unable to enumerate all files and sub directories in C:\Windows\System32\Configuration
2025-10-29T16:45:11 [warn] Access is denied to one or more files in C:\Windows\System32\Configuration
2025-10-29T16:45:11 [warn] Unable to enumerate all files and sub directories in C:\Windows\System32\config\systemprofile
2025-10-29T16:45:11 [warn] Access is denied to one or more files in C:\Windows\System32\config\systemprofile
2025-10-29T16:45:11 [warn] Unable to enumerate all files and sub directories in C:\Windows\System32\config\BFS
2025-10-29T16:45:11 [warn] Access is denied to one or more files in C:\Windows\System32\config\BFS
2025-10-29T16:45:11 [warn] Unable to enumerate all files and sub directories in C:\Windows\System32\Com\dmp
2025-10-29T16:45:11 [warn] Access is denied to one or more files in C:\Windows\System32\Com\dmp
2025-10-29T16:45:12 [warn] Unable to enumerate all files and sub directories in C:\Windows\ServiceState
2025-10-29T16:45:12 [warn] Access is denied to one or more files in C:\Windows\ServiceState
2025-10-29T16:45:12 [warn] Unable to enumerate all files and sub directories in C:\Windows\ServiceProfiles\NetworkService
2025-10-29T16:45:12 [warn] Access is denied to one or more files in C:\Windows\ServiceProfiles\NetworkService
2025-10-29T16:45:12 [warn] Unable to enumerate all files and sub directories in C:\Windows\ServiceProfiles\LocalService
2025-10-29T16:45:12 [warn] Access is denied to one or more files in C:\Windows\ServiceProfiles\LocalService
2025-10-29T16:45:12 [warn] Unable to enumerate all files and sub directories in C:\Windows\security\cap
2025-10-29T16:45:12 [warn] Access is denied to one or more files in C:\Windows\security\cap
2025-10-29T16:45:12 [warn] Unable to enumerate all files and sub directories in C:\Windows\security\audit
2025-10-29T16:45:12 [warn] Access is denied to one or more files in C:\Windows\security\audit
2025-10-29T16:45:12 [warn] Unable to enumerate all files and sub directories in C:\Windows\Resources\Themes\aero\VSCache
2025-10-29T16:45:12 [warn] Access is denied to one or more files in C:\Windows\Resources\Themes\aero\VSCache
2025-10-29T16:45:12 [warn] Unable to enumerate all files and sub directories in C:\Windows\Provisioning\Autopilot
2025-10-29T16:45:12 [warn] Access is denied to one or more files in C:\Windows\Provisioning\Autopilot
2025-10-29T16:45:12 [warn] Unable to enumerate all files and sub directories in C:\Windows\Prefetch
2025-10-29T16:45:12 [warn] Access is denied to one or more files in C:\Windows\Prefetch
2025-10-29T16:45:12 [warn] Unable to enumerate all files and sub directories in C:\Windows\ModemLogs
2025-10-29T16:45:12 [warn] Access is denied to one or more files in C:\Windows\ModemLogs
2025-10-29T16:45:12 [warn] Unable to enumerate all files and sub directories in C:\Windows\Microsoft\Windows\Models
2025-10-29T16:45:12 [warn] Access is denied to one or more files in C:\Windows\Microsoft\Windows\Models
2025-10-29T16:45:12 [warn] Unable to enumerate all files and sub directories in C:\Windows\Logs\SystemRestore
2025-10-29T16:45:12 [warn] Access is denied to one or more files in C:\Windows\Logs\SystemRestore
2025-10-29T16:45:12 [warn] Unable to enumerate all files and sub directories in C:\Windows\LiveKernelReports
2025-10-29T16:45:12 [warn] Access is denied to one or more files in C:\Windows\LiveKernelReports
2025-10-29T16:45:12 [warn] Unable to enumerate all files and sub directories in C:\Windows\CSC
2025-10-29T16:45:12 [warn] Access is denied to one or more files in C:\Windows\CSC
2025-10-29T16:45:15 [warn] Unable to enumerate all files and sub directories in C:\Windows\appcompat\Programs
2025-10-29T16:45:15 [warn] Access is denied to one or more files in C:\Windows\appcompat\Programs
2025-10-29T16:45:15 [warn] Unable to enumerate all files and sub directories in C:\Windows\appcompat\Backup
2025-10-29T16:45:15 [warn] Access is denied to one or more files in C:\Windows\appcompat\Backup
2025-10-29T16:45:15 [warn] Unable to enumerate all files and sub directories in C:\Windows\appcompat\appraiser
2025-10-29T16:45:15 [warn] Access is denied to one or more files in C:\Windows\appcompat\appraiser
